Arguments: 
  /usr/bin/node /usr/local/bin/yarn

PATH: 
  /home/aliaksei/.local/bin:/home/aliaksei/bin:/usr/local/bin:/usr/local/sbin:/usr/bin:/usr/sbin

Yarn version: 
  1.22.19

Node version: 
  18.12.1

Platform: 
  linux x64

Trace: 
  SyntaxError: /home/aliaksei/profession-forum/backend/package.json: Unexpected token } in JSON at position 646
      at JSON.parse (<anonymous>)
      at /usr/local/lib/node_modules/yarn/lib/cli.js:1629:59
      at Generator.next (<anonymous>)
      at step (/usr/local/lib/node_modules/yarn/lib/cli.js:310:30)
      at /usr/local/lib/node_modules/yarn/lib/cli.js:321:13

npm manifest: 
  {
    "name": "server",
    "version": "1.0.0",
    "description": "",
    "main": "index.ts",
    "scripts": {
      "test": "echo \"Error: no test specified\" && exit 1",
      "start": "node src/dist/index.js",
      "bild": "tsc",
      "dev": "ts-node ./src/index.ts"
    },
    "author": "",
    "license": "ISC",
    "dependencies": {
      "bunyan": "^1.8.15",
      "config": "^3.3.8",
      "express": "^4.18.2",
      "jsonwebtoken": "^8.5.1",
      "node-cache": "^5.1.2",
      "pg": "^8.8.0",
      "pg-hstore": "^2.3.4",
      "postgresql": "^0.0.1",
      "reflect-metadata": "^0.1.13",
      "request": "^2.88.2",
      "sequelize": "^6.26.0",
      "sequelize-cli": "^6.5.2",
    },
    "devDependencies": {
      "@types/bluebird": "^3.5.37",
      "@types/bunyan": "^1.8.8",
      "@types/config": "^3.3.0",
      "@types/js-yaml": "^4.0.5",
      "@types/jsonwebtoken": "^8.5.9",
      "@types/pg": "^8.6.5",
      "@types/swagger-jsdoc": "^6.0.1",
      "@types/swagger-ui-express": "^4.1.3",
      "@types/validator": "^13.7.10",
      "nodemon": "^2.0.20",
      "prettier": "2.8.0",
      "ts-node": "^10.9.1",
      "typescript": "^4.9.3"
    }
  }

yarn manifest: 
  No manifest

Lockfile: 
  No lockfile
